[2024-12-28 08:58:29,843: INFO: main: Welcome to our custom log]
[2024-12-29 19:36:06,823: INFO: main: >>>>>> stage Data Ingestion stage started <<<<<<]
[2024-12-29 19:36:06,825: INFO: common: yaml file: config\config.yaml loaded successfully]
[2024-12-29 19:36:06,827: INFO: common: yaml file: params.yaml loaded successfully]
[2024-12-29 19:36:06,828: INFO: common: created directory at: artifacts]
[2024-12-29 19:36:06,829: INFO: common: created directory at: artifacts/data_ingestion]
[2024-12-29 19:36:06,830: INFO: data_ingestion: Downloading data from https://drive.google.com/file/d/1neHDzlw1PLKbwKctJXdddyRMXF3W-4rV/view?usp=sharing into file artifacts/data_ingestion/data.zip]
[2024-12-29 19:36:16,705: INFO: data_ingestion: Downloaded data from https://drive.google.com/file/d/1neHDzlw1PLKbwKctJXdddyRMXF3W-4rV/view?usp=sharing into file artifacts/data_ingestion/data.zip]
[2024-12-29 19:36:18,671: INFO: main: >>>>>> stage Data Ingestion stage completed <<<<<<

x==========x]
[2025-01-05 01:06:23,198: INFO: common: yaml file: config\config.yaml loaded successfully]
[2025-01-05 01:06:23,262: INFO: common: yaml file: params.yaml loaded successfully]
[2025-01-05 01:06:23,272: INFO: common: created directory at: artifacts]
[2025-01-05 01:06:23,276: INFO: common: created directory at: artifacts/prepare_base_model]
[2025-01-05 01:06:34,482: WARNING: saving_utils: Compiled the loaded model, but the compiled metrics have yet to be built. `model.compile_metrics` will be empty until you train or evaluate the model.]
[2025-01-05 01:22:24,352: INFO: main: >>>>>> stage Data Ingestion stage started <<<<<<]
[2025-01-05 01:22:24,360: INFO: common: yaml file: config\config.yaml loaded successfully]
[2025-01-05 01:22:24,366: INFO: common: yaml file: params.yaml loaded successfully]
[2025-01-05 01:22:24,369: INFO: common: created directory at: artifacts]
[2025-01-05 01:22:24,371: INFO: common: created directory at: artifacts/data_ingestion]
[2025-01-05 01:22:24,372: INFO: data_ingestion: Downloading data from https://drive.google.com/file/d/1neHDzlw1PLKbwKctJXdddyRMXF3W-4rV/view?usp=sharing into file artifacts/data_ingestion/data.zip]
[2025-01-05 01:22:34,434: INFO: data_ingestion: Downloaded data from https://drive.google.com/file/d/1neHDzlw1PLKbwKctJXdddyRMXF3W-4rV/view?usp=sharing into file artifacts/data_ingestion/data.zip]
[2025-01-05 01:22:41,639: INFO: main: >>>>>> stage Data Ingestion stage completed <<<<<<

x==========x]
[2025-01-05 01:22:41,640: INFO: main: *******************]
[2025-01-05 01:22:41,640: INFO: main: >>>>>> stage Prepare base model started <<<<<<]
[2025-01-05 01:22:41,651: INFO: common: yaml file: config\config.yaml loaded successfully]
[2025-01-05 01:22:41,698: INFO: common: yaml file: params.yaml loaded successfully]
[2025-01-05 01:22:41,700: INFO: common: created directory at: artifacts]
[2025-01-05 01:22:41,701: INFO: common: created directory at: artifacts/prepare_base_model]
[2025-01-05 01:22:45,606: WARNING: saving_utils: Compiled the loaded model, but the compiled metrics have yet to be built. `model.compile_metrics` will be empty until you train or evaluate the model.]
[2025-01-05 01:22:47,556: INFO: main: >>>>>> stage Prepare base model completed <<<<<<

x==========x]
[2025-01-05 02:24:25,169: INFO: common: yaml file: config\config.yaml loaded successfully]
[2025-01-05 02:24:25,197: INFO: common: yaml file: params.yaml loaded successfully]
[2025-01-05 02:24:25,215: INFO: common: created directory at: artifacts]
[2025-01-05 02:24:25,219: INFO: common: created directory at: artifacts\training]
[2025-01-05 02:25:49,459: INFO: common: yaml file: config\config.yaml loaded successfully]
[2025-01-05 02:25:49,467: INFO: common: yaml file: params.yaml loaded successfully]
[2025-01-05 02:25:49,470: INFO: common: created directory at: artifacts]
[2025-01-05 02:25:49,473: INFO: common: created directory at: artifacts\training]
[2025-01-05 10:26:29,569: INFO: common: yaml file: config\config.yaml loaded successfully]
[2025-01-05 10:26:29,579: INFO: common: yaml file: params.yaml loaded successfully]
[2025-01-05 10:26:29,582: INFO: common: created directory at: artifacts]
[2025-01-05 10:26:29,586: INFO: common: created directory at: artifacts\training]
[2025-01-05 10:31:46,286: INFO: common: yaml file: config\config.yaml loaded successfully]
[2025-01-05 10:31:46,292: INFO: common: yaml file: params.yaml loaded successfully]
[2025-01-05 10:31:46,295: INFO: common: created directory at: artifacts]
[2025-01-05 10:31:46,298: INFO: common: created directory at: artifacts\training]
[2025-01-05 10:33:58,031: INFO: common: yaml file: config\config.yaml loaded successfully]
[2025-01-05 10:33:58,063: INFO: common: yaml file: params.yaml loaded successfully]
[2025-01-05 10:33:58,081: INFO: common: created directory at: artifacts]
[2025-01-05 10:33:58,088: INFO: common: created directory at: artifacts\training]
[2025-01-05 10:45:52,426: INFO: common: yaml file: config\config.yaml loaded successfully]
[2025-01-05 10:45:52,443: INFO: common: yaml file: params.yaml loaded successfully]
[2025-01-05 10:45:52,449: INFO: common: created directory at: artifacts]
[2025-01-05 10:45:52,454: INFO: common: created directory at: artifacts\training]
[2025-01-05 17:22:49,234: INFO: common: yaml file: config\config.yaml loaded successfully]
[2025-01-05 17:22:49,271: INFO: common: yaml file: params.yaml loaded successfully]
[2025-01-05 17:22:49,281: INFO: common: created directory at: artifacts]
[2025-01-05 17:22:49,286: INFO: common: created directory at: artifacts\training]
[2025-01-05 17:48:49,948: INFO: main: >>>>>> stage Data Ingestion stage started <<<<<<]
[2025-01-05 17:48:49,961: INFO: common: yaml file: config\config.yaml loaded successfully]
[2025-01-05 17:48:49,971: INFO: common: yaml file: params.yaml loaded successfully]
[2025-01-05 17:48:49,972: INFO: common: created directory at: artifacts]
[2025-01-05 17:48:49,972: INFO: common: created directory at: artifacts/data_ingestion]
[2025-01-05 17:48:49,973: INFO: data_ingestion: Downloading data from https://drive.google.com/file/d/1neHDzlw1PLKbwKctJXdddyRMXF3W-4rV/view?usp=sharing into file artifacts/data_ingestion/data.zip]
[2025-01-05 17:49:00,121: INFO: data_ingestion: Downloaded data from https://drive.google.com/file/d/1neHDzlw1PLKbwKctJXdddyRMXF3W-4rV/view?usp=sharing into file artifacts/data_ingestion/data.zip]
[2025-01-05 17:49:02,810: INFO: main: >>>>>> stage Data Ingestion stage completed <<<<<<

x==========x]
[2025-01-05 17:49:02,810: INFO: main: *******************]
[2025-01-05 17:49:02,811: INFO: main: >>>>>> stage Prepare base model started <<<<<<]
[2025-01-05 17:49:02,818: INFO: common: yaml file: config\config.yaml loaded successfully]
[2025-01-05 17:49:02,823: INFO: common: yaml file: params.yaml loaded successfully]
[2025-01-05 17:49:02,824: INFO: common: created directory at: artifacts]
[2025-01-05 17:49:02,825: INFO: common: created directory at: artifacts/prepare_base_model]
[2025-01-05 17:49:04,870: WARNING: saving_utils: Compiled the loaded model, but the compiled metrics have yet to be built. `model.compile_metrics` will be empty until you train or evaluate the model.]
[2025-01-05 17:49:06,000: INFO: main: >>>>>> stage Prepare base model completed <<<<<<

x==========x]
[2025-01-05 17:49:06,000: INFO: main: *******************]
[2025-01-05 17:49:06,000: INFO: main: >>>>>> stage Training started <<<<<<]
[2025-01-05 17:49:06,008: INFO: common: yaml file: config\config.yaml loaded successfully]
[2025-01-05 17:49:06,013: INFO: common: yaml file: params.yaml loaded successfully]
[2025-01-05 17:49:06,013: INFO: common: created directory at: artifacts]
[2025-01-05 17:49:06,014: INFO: common: created directory at: artifacts\training]
[2025-01-05 17:53:03,909: INFO: main: >>>>>> stage Training completed <<<<<<

x==========x]
[2025-01-06 05:09:21,880: INFO: common: yaml file: config\config.yaml loaded successfully]
[2025-01-06 05:09:21,912: INFO: common: yaml file: params.yaml loaded successfully]
[2025-01-06 05:09:21,916: INFO: common: created directory at: artifacts]
[2025-01-06 05:10:21,027: INFO: common: json file saved at: scores.json]
[2025-01-06 05:10:27,045: INFO: builder_impl: Assets written to: C:\Users\RENTO\AppData\Local\Temp\tmp9nu3mpqz\model\data\model\assets]
[2025-01-06 05:20:04,020: INFO: common: yaml file: config\config.yaml loaded successfully]
[2025-01-06 05:20:04,046: INFO: common: yaml file: params.yaml loaded successfully]
[2025-01-06 05:20:04,054: INFO: common: created directory at: artifacts]
[2025-01-06 05:21:32,963: INFO: common: json file saved at: scores.json]
[2025-01-06 05:21:41,825: INFO: builder_impl: Assets written to: C:\Users\RENTO\AppData\Local\Temp\tmpo9xhstty\model\data\model\assets]
[2025-01-06 05:32:04,448: INFO: common: yaml file: config\config.yaml loaded successfully]
[2025-01-06 05:32:04,480: INFO: common: yaml file: params.yaml loaded successfully]
[2025-01-06 05:32:04,485: INFO: common: created directory at: artifacts]
[2025-01-06 05:32:54,589: INFO: common: json file saved at: scores.json]
[2025-01-06 05:32:58,830: INFO: builder_impl: Assets written to: C:\Users\RENTO\AppData\Local\Temp\tmpzej2fue0\model\data\model\assets]
[2025-01-06 05:51:49,515: INFO: main: >>>>>> stage Data Ingestion stage started <<<<<<]
[2025-01-06 05:51:49,519: INFO: common: yaml file: config\config.yaml loaded successfully]
[2025-01-06 05:51:49,524: INFO: common: yaml file: params.yaml loaded successfully]
[2025-01-06 05:51:49,525: INFO: common: created directory at: artifacts]
[2025-01-06 05:51:49,526: INFO: common: created directory at: artifacts/data_ingestion]
[2025-01-06 05:51:49,526: INFO: data_ingestion: Downloading data from https://drive.google.com/file/d/1neHDzlw1PLKbwKctJXdddyRMXF3W-4rV/view?usp=sharing into file artifacts/data_ingestion/data.zip]
[2025-01-06 05:51:58,749: INFO: data_ingestion: Downloaded data from https://drive.google.com/file/d/1neHDzlw1PLKbwKctJXdddyRMXF3W-4rV/view?usp=sharing into file artifacts/data_ingestion/data.zip]
[2025-01-06 05:52:01,028: INFO: main: >>>>>> stage Data Ingestion stage completed <<<<<<

x==========x]
[2025-01-06 05:52:01,028: INFO: main: *******************]
[2025-01-06 05:52:01,029: INFO: main: >>>>>> stage Prepare base model started <<<<<<]
[2025-01-06 05:52:01,042: INFO: common: yaml file: config\config.yaml loaded successfully]
[2025-01-06 05:52:01,049: INFO: common: yaml file: params.yaml loaded successfully]
[2025-01-06 05:52:01,050: INFO: common: created directory at: artifacts]
[2025-01-06 05:52:01,051: INFO: common: created directory at: artifacts/prepare_base_model]
[2025-01-06 05:52:02,931: WARNING: saving_utils: Compiled the loaded model, but the compiled metrics have yet to be built. `model.compile_metrics` will be empty until you train or evaluate the model.]
[2025-01-06 05:52:03,960: INFO: main: >>>>>> stage Prepare base model completed <<<<<<

x==========x]
[2025-01-06 05:52:03,960: INFO: main: *******************]
[2025-01-06 05:52:03,961: INFO: main: >>>>>> stage Training started <<<<<<]
[2025-01-06 05:52:03,974: INFO: common: yaml file: config\config.yaml loaded successfully]
[2025-01-06 05:52:03,979: INFO: common: yaml file: params.yaml loaded successfully]
[2025-01-06 05:52:03,980: INFO: common: created directory at: artifacts]
[2025-01-06 05:52:03,981: INFO: common: created directory at: artifacts\training]
[2025-01-06 05:54:16,427: INFO: main: >>>>>> stage Training completed <<<<<<

x==========x]
[2025-01-06 05:54:16,427: INFO: main: *******************]
[2025-01-06 05:54:16,428: INFO: main: >>>>>> stage Evaluation stage started <<<<<<]
[2025-01-06 05:54:16,436: INFO: common: yaml file: config\config.yaml loaded successfully]
[2025-01-06 05:54:16,443: INFO: common: yaml file: params.yaml loaded successfully]
[2025-01-06 05:54:16,444: INFO: common: created directory at: artifacts]
[2025-01-06 05:54:17,552: ERROR: main: name 'model' is not defined]
Traceback (most recent call last):
  File "main.py", line 55, in <module>
    model_evalution.main()
  File "C:\Users\RENTO\Desktop\MLOPS PFA\Kidney-Disease-Classification-Deep-Learning-Project\src\cnnClassifier\pipeline\stage_04_model_evaluation.py", line 18, in main
    evaluation.evaluation()
  File "C:\Users\RENTO\Desktop\MLOPS PFA\Kidney-Disease-Classification-Deep-Learning-Project\src\cnnClassifier\components\model_evaluation_mlflow.py", line 51, in evaluation
    self.score = model.evaluate(self.valid_generator)
NameError: name 'model' is not defined
[2025-01-06 06:00:00,905: INFO: main: >>>>>> stage Data Ingestion stage started <<<<<<]
[2025-01-06 06:00:00,908: INFO: common: yaml file: config\config.yaml loaded successfully]
[2025-01-06 06:00:00,914: INFO: common: yaml file: params.yaml loaded successfully]
[2025-01-06 06:00:00,916: INFO: common: created directory at: artifacts]
[2025-01-06 06:00:00,917: INFO: common: created directory at: artifacts/data_ingestion]
[2025-01-06 06:00:00,917: INFO: data_ingestion: Downloading data from https://drive.google.com/file/d/1neHDzlw1PLKbwKctJXdddyRMXF3W-4rV/view?usp=sharing into file artifacts/data_ingestion/data.zip]
[2025-01-06 06:00:10,110: INFO: data_ingestion: Downloaded data from https://drive.google.com/file/d/1neHDzlw1PLKbwKctJXdddyRMXF3W-4rV/view?usp=sharing into file artifacts/data_ingestion/data.zip]
[2025-01-06 06:00:11,045: INFO: main: >>>>>> stage Data Ingestion stage completed <<<<<<

x==========x]
[2025-01-06 06:00:11,046: INFO: main: *******************]
[2025-01-06 06:00:11,046: INFO: main: >>>>>> stage Prepare base model started <<<<<<]
[2025-01-06 06:00:11,052: INFO: common: yaml file: config\config.yaml loaded successfully]
[2025-01-06 06:00:11,054: INFO: common: yaml file: params.yaml loaded successfully]
[2025-01-06 06:00:11,055: INFO: common: created directory at: artifacts]
[2025-01-06 06:00:11,056: INFO: common: created directory at: artifacts/prepare_base_model]
[2025-01-06 06:00:12,247: WARNING: saving_utils: Compiled the loaded model, but the compiled metrics have yet to be built. `model.compile_metrics` will be empty until you train or evaluate the model.]
[2025-01-06 06:00:12,816: INFO: main: >>>>>> stage Prepare base model completed <<<<<<

x==========x]
[2025-01-06 06:00:12,816: INFO: main: *******************]
[2025-01-06 06:00:12,816: INFO: main: >>>>>> stage Training started <<<<<<]
[2025-01-06 06:00:12,824: INFO: common: yaml file: config\config.yaml loaded successfully]
[2025-01-06 06:00:12,839: INFO: common: yaml file: params.yaml loaded successfully]
[2025-01-06 06:00:12,840: INFO: common: created directory at: artifacts]
[2025-01-06 06:00:12,841: INFO: common: created directory at: artifacts\training]
[2025-01-06 06:02:31,915: INFO: main: >>>>>> stage Training completed <<<<<<

x==========x]
[2025-01-06 06:02:31,915: INFO: main: *******************]
[2025-01-06 06:02:31,915: INFO: main: >>>>>> stage Evaluation stage started <<<<<<]
[2025-01-06 06:02:31,922: INFO: common: yaml file: config\config.yaml loaded successfully]
[2025-01-06 06:02:31,927: INFO: common: yaml file: params.yaml loaded successfully]
[2025-01-06 06:02:31,928: INFO: common: created directory at: artifacts]
[2025-01-06 06:03:22,100: INFO: common: json file saved at: scores.json]
[2025-01-06 06:03:22,102: INFO: common: json file saved at: scores.json]
[2025-01-06 06:03:22,103: INFO: main: >>>>>> stage Evaluation stage completed <<<<<<

x==========x]
[2025-01-06 06:24:12,453: INFO: main: >>>>>> stage Data Ingestion stage started <<<<<<]
[2025-01-06 06:24:12,456: INFO: common: yaml file: config\config.yaml loaded successfully]
[2025-01-06 06:24:12,458: INFO: common: yaml file: params.yaml loaded successfully]
[2025-01-06 06:24:12,459: INFO: common: created directory at: artifacts]
[2025-01-06 06:24:12,459: INFO: common: created directory at: artifacts/data_ingestion]
[2025-01-06 06:24:12,460: INFO: data_ingestion: Downloading data from https://drive.google.com/file/d/1neHDzlw1PLKbwKctJXdddyRMXF3W-4rV/view?usp=sharing into file artifacts/data_ingestion/data.zip]
[2025-01-06 06:24:21,660: INFO: data_ingestion: Downloaded data from https://drive.google.com/file/d/1neHDzlw1PLKbwKctJXdddyRMXF3W-4rV/view?usp=sharing into file artifacts/data_ingestion/data.zip]
[2025-01-06 06:24:22,616: INFO: main: >>>>>> stage Data Ingestion stage completed <<<<<<

x==========x]
[2025-01-06 06:24:22,616: INFO: main: *******************]
[2025-01-06 06:24:22,616: INFO: main: >>>>>> stage Prepare base model started <<<<<<]
[2025-01-06 06:24:22,621: INFO: common: yaml file: config\config.yaml loaded successfully]
[2025-01-06 06:24:22,623: INFO: common: yaml file: params.yaml loaded successfully]
[2025-01-06 06:24:22,623: INFO: common: created directory at: artifacts]
[2025-01-06 06:24:22,624: INFO: common: created directory at: artifacts/prepare_base_model]
[2025-01-06 06:24:24,208: WARNING: saving_utils: Compiled the loaded model, but the compiled metrics have yet to be built. `model.compile_metrics` will be empty until you train or evaluate the model.]
[2025-01-06 06:24:24,773: INFO: main: >>>>>> stage Prepare base model completed <<<<<<

x==========x]
[2025-01-06 06:24:24,773: INFO: main: *******************]
[2025-01-06 06:24:24,773: INFO: main: >>>>>> stage Training started <<<<<<]
[2025-01-06 06:24:24,777: INFO: common: yaml file: config\config.yaml loaded successfully]
[2025-01-06 06:24:24,779: INFO: common: yaml file: params.yaml loaded successfully]
[2025-01-06 06:24:24,780: INFO: common: created directory at: artifacts]
[2025-01-06 06:24:24,781: INFO: common: created directory at: artifacts\training]
[2025-01-06 06:26:14,263: INFO: main: >>>>>> stage Training completed <<<<<<

x==========x]
[2025-01-06 06:26:14,264: INFO: main: *******************]
[2025-01-06 06:26:14,264: INFO: main: >>>>>> stage Evaluation stage started <<<<<<]
[2025-01-06 06:26:14,268: INFO: common: yaml file: config\config.yaml loaded successfully]
[2025-01-06 06:26:14,271: INFO: common: yaml file: params.yaml loaded successfully]
[2025-01-06 06:26:14,272: INFO: common: created directory at: artifacts]
[2025-01-06 06:26:52,016: INFO: common: json file saved at: scores.json]
[2025-01-06 06:26:52,018: INFO: common: json file saved at: scores.json]
[2025-01-06 06:26:53,914: ERROR: main: API request to endpoint /api/2.0/mlflow/runs/create failed with error code 401 != 200. Response body: '=============== ATTENTION! ===============

To use authentication, you must first: 
    Get your default access token from: https://dagshub.com/user/settings/tokens
    OR 
    Set a password: https://dagshub.com/user/settings/password 
==========================================']
Traceback (most recent call last):
  File "main.py", line 55, in <module>
    model_evalution.main()
  File "C:\Users\RENTO\Desktop\MLOPS PFA\Kidney-Disease-Classification-Deep-Learning-Project\src\cnnClassifier\pipeline\stage_04_model_evaluation.py", line 20, in main
    evaluation.log_into_mlflow()
  File "C:\Users\RENTO\Desktop\MLOPS PFA\Kidney-Disease-Classification-Deep-Learning-Project\src\cnnClassifier\components\model_evaluation_mlflow.py", line 63, in log_into_mlflow
    with mlflow.start_run():
  File "C:\Users\RENTO\anaconda3\envs\kidney\lib\site-packages\mlflow\tracking\fluent.py", line 418, in start_run
    active_run_obj = client.create_run(
  File "C:\Users\RENTO\anaconda3\envs\kidney\lib\site-packages\mlflow\tracking\client.py", line 393, in create_run
    return self._tracking_client.create_run(experiment_id, start_time, tags, run_name)
  File "C:\Users\RENTO\anaconda3\envs\kidney\lib\site-packages\mlflow\tracking\_tracking_service\client.py", line 168, in create_run
    return self.store.create_run(
  File "C:\Users\RENTO\anaconda3\envs\kidney\lib\site-packages\mlflow\store\tracking\rest_store.py", line 209, in create_run
    response_proto = self._call_endpoint(CreateRun, req_body)
  File "C:\Users\RENTO\anaconda3\envs\kidney\lib\site-packages\mlflow\store\tracking\rest_store.py", line 82, in _call_endpoint
    return call_endpoint(self.get_host_creds(), endpoint, method, json_body, response_proto)
  File "C:\Users\RENTO\anaconda3\envs\kidney\lib\site-packages\mlflow\utils\rest_utils.py", line 370, in call_endpoint
    response = verify_rest_response(response, endpoint)
  File "C:\Users\RENTO\anaconda3\envs\kidney\lib\site-packages\mlflow\utils\rest_utils.py", line 246, in verify_rest_response
    raise MlflowException(
mlflow.exceptions.MlflowException: API request to endpoint /api/2.0/mlflow/runs/create failed with error code 401 != 200. Response body: '=============== ATTENTION! ===============

To use authentication, you must first: 
    Get your default access token from: https://dagshub.com/user/settings/tokens
    OR 
    Set a password: https://dagshub.com/user/settings/password 
=========================================='
[2025-01-06 06:34:47,073: INFO: main: >>>>>> stage Data Ingestion stage started <<<<<<]
[2025-01-06 06:34:47,076: INFO: common: yaml file: config\config.yaml loaded successfully]
[2025-01-06 06:34:47,080: INFO: common: yaml file: params.yaml loaded successfully]
[2025-01-06 06:34:47,080: INFO: common: created directory at: artifacts]
[2025-01-06 06:34:47,081: INFO: common: created directory at: artifacts/data_ingestion]
[2025-01-06 06:34:47,081: INFO: data_ingestion: Downloading data from https://drive.google.com/file/d/1neHDzlw1PLKbwKctJXdddyRMXF3W-4rV/view?usp=sharing into file artifacts/data_ingestion/data.zip]
[2025-01-06 06:35:13,708: INFO: main: >>>>>> stage Data Ingestion stage started <<<<<<]
[2025-01-06 06:35:13,711: INFO: common: yaml file: config\config.yaml loaded successfully]
[2025-01-06 06:35:13,713: INFO: common: yaml file: params.yaml loaded successfully]
[2025-01-06 06:35:13,713: INFO: common: created directory at: artifacts]
[2025-01-06 06:35:13,714: INFO: common: created directory at: artifacts/data_ingestion]
[2025-01-06 06:35:13,714: INFO: data_ingestion: Downloading data from https://drive.google.com/file/d/1neHDzlw1PLKbwKctJXdddyRMXF3W-4rV/view?usp=sharing into file artifacts/data_ingestion/data.zip]
[2025-01-06 06:35:23,333: INFO: data_ingestion: Downloaded data from https://drive.google.com/file/d/1neHDzlw1PLKbwKctJXdddyRMXF3W-4rV/view?usp=sharing into file artifacts/data_ingestion/data.zip]
[2025-01-06 06:35:24,308: INFO: main: >>>>>> stage Data Ingestion stage completed <<<<<<

x==========x]
[2025-01-06 06:35:24,309: INFO: main: *******************]
[2025-01-06 06:35:24,309: INFO: main: >>>>>> stage Prepare base model started <<<<<<]
[2025-01-06 06:35:24,312: INFO: common: yaml file: config\config.yaml loaded successfully]
[2025-01-06 06:35:24,314: INFO: common: yaml file: params.yaml loaded successfully]
[2025-01-06 06:35:24,315: INFO: common: created directory at: artifacts]
[2025-01-06 06:35:24,315: INFO: common: created directory at: artifacts/prepare_base_model]
[2025-01-06 06:35:25,233: WARNING: saving_utils: Compiled the loaded model, but the compiled metrics have yet to be built. `model.compile_metrics` will be empty until you train or evaluate the model.]
[2025-01-06 06:35:25,784: INFO: main: >>>>>> stage Prepare base model completed <<<<<<

x==========x]
[2025-01-06 06:35:25,784: INFO: main: *******************]
[2025-01-06 06:35:25,784: INFO: main: >>>>>> stage Training started <<<<<<]
[2025-01-06 06:35:25,788: INFO: common: yaml file: config\config.yaml loaded successfully]
[2025-01-06 06:35:25,790: INFO: common: yaml file: params.yaml loaded successfully]
[2025-01-06 06:35:25,791: INFO: common: created directory at: artifacts]
[2025-01-06 06:35:25,792: INFO: common: created directory at: artifacts\training]
[2025-01-06 06:37:21,102: INFO: main: >>>>>> stage Training completed <<<<<<

x==========x]
[2025-01-06 06:37:21,102: INFO: main: *******************]
[2025-01-06 06:37:21,102: INFO: main: >>>>>> stage Evaluation stage started <<<<<<]
[2025-01-06 06:37:21,107: INFO: common: yaml file: config\config.yaml loaded successfully]
[2025-01-06 06:37:21,110: INFO: common: yaml file: params.yaml loaded successfully]
[2025-01-06 06:37:21,111: INFO: common: created directory at: artifacts]
[2025-01-06 06:37:55,643: INFO: common: json file saved at: scores.json]
[2025-01-06 06:37:55,645: INFO: common: json file saved at: scores.json]
[2025-01-06 06:38:01,543: INFO: builder_impl: Assets written to: C:\Users\RENTO\AppData\Local\Temp\tmpsvx0qdmo\model\data\model\assets]
[2025-01-06 06:38:53,560: INFO: main: >>>>>> stage Evaluation stage completed <<<<<<

x==========x]
[2025-01-06 06:41:21,768: INFO: main: >>>>>> stage Data Ingestion stage started <<<<<<]
[2025-01-06 06:41:21,771: INFO: common: yaml file: config\config.yaml loaded successfully]
[2025-01-06 06:41:21,780: INFO: common: yaml file: params.yaml loaded successfully]
[2025-01-06 06:41:21,781: INFO: common: created directory at: artifacts]
[2025-01-06 06:41:21,781: INFO: common: created directory at: artifacts/data_ingestion]
[2025-01-06 06:41:21,781: INFO: data_ingestion: Downloading data from https://drive.google.com/file/d/1neHDzlw1PLKbwKctJXdddyRMXF3W-4rV/view?usp=sharing into file artifacts/data_ingestion/data.zip]
[2025-01-06 06:41:31,154: INFO: data_ingestion: Downloaded data from https://drive.google.com/file/d/1neHDzlw1PLKbwKctJXdddyRMXF3W-4rV/view?usp=sharing into file artifacts/data_ingestion/data.zip]
[2025-01-06 06:41:32,002: INFO: main: >>>>>> stage Data Ingestion stage completed <<<<<<

x==========x]
[2025-01-06 06:41:32,002: INFO: main: *******************]
[2025-01-06 06:41:32,003: INFO: main: >>>>>> stage Prepare base model started <<<<<<]
[2025-01-06 06:41:32,007: INFO: common: yaml file: config\config.yaml loaded successfully]
[2025-01-06 06:41:32,011: INFO: common: yaml file: params.yaml loaded successfully]
[2025-01-06 06:41:32,012: INFO: common: created directory at: artifacts]
[2025-01-06 06:41:32,013: INFO: common: created directory at: artifacts/prepare_base_model]
[2025-01-06 06:41:33,233: WARNING: saving_utils: Compiled the loaded model, but the compiled metrics have yet to be built. `model.compile_metrics` will be empty until you train or evaluate the model.]
[2025-01-06 06:41:33,767: INFO: main: >>>>>> stage Prepare base model completed <<<<<<

x==========x]
[2025-01-06 06:41:33,767: INFO: main: *******************]
[2025-01-06 06:41:33,767: INFO: main: >>>>>> stage Training started <<<<<<]
[2025-01-06 06:41:33,771: INFO: common: yaml file: config\config.yaml loaded successfully]
[2025-01-06 06:41:33,774: INFO: common: yaml file: params.yaml loaded successfully]
[2025-01-06 06:41:33,775: INFO: common: created directory at: artifacts]
[2025-01-06 06:41:33,775: INFO: common: created directory at: artifacts\training]
[2025-01-06 06:45:05,948: INFO: main: >>>>>> stage Training completed <<<<<<

x==========x]
[2025-01-06 06:45:05,948: INFO: main: *******************]
[2025-01-06 06:45:05,948: INFO: main: >>>>>> stage Evaluation stage started <<<<<<]
[2025-01-06 06:45:05,954: INFO: common: yaml file: config\config.yaml loaded successfully]
[2025-01-06 06:45:05,958: INFO: common: yaml file: params.yaml loaded successfully]
[2025-01-06 06:45:05,958: INFO: common: created directory at: artifacts]
[2025-01-06 06:45:40,115: INFO: common: json file saved at: scores.json]
[2025-01-06 06:45:40,117: INFO: common: json file saved at: scores.json]
[2025-01-06 06:45:43,840: INFO: builder_impl: Assets written to: C:\Users\RENTO\AppData\Local\Temp\tmp_cw5icwn\model\data\model\assets]
[2025-01-06 06:46:27,788: INFO: main: >>>>>> stage Evaluation stage completed <<<<<<

x==========x]
[2025-01-06 09:05:04,951: INFO: main: >>>>>> stage Data Ingestion stage started <<<<<<]
[2025-01-06 09:05:04,962: INFO: common: yaml file: config\config.yaml loaded successfully]
[2025-01-06 09:05:04,992: INFO: common: yaml file: params.yaml loaded successfully]
[2025-01-06 09:05:04,994: INFO: common: created directory at: artifacts]
[2025-01-06 09:05:04,995: INFO: common: created directory at: artifacts/data_ingestion]
[2025-01-06 09:05:04,995: INFO: data_ingestion: Downloading data from https://drive.google.com/file/d/1neHDzlw1PLKbwKctJXdddyRMXF3W-4rV/view?usp=sharing into file artifacts/data_ingestion/data.zip]
[2025-01-06 09:05:14,265: INFO: data_ingestion: Downloaded data from https://drive.google.com/file/d/1neHDzlw1PLKbwKctJXdddyRMXF3W-4rV/view?usp=sharing into file artifacts/data_ingestion/data.zip]
[2025-01-06 09:05:16,899: INFO: main: >>>>>> stage Data Ingestion stage completed <<<<<<

x==========x]
[2025-01-06 09:05:16,899: INFO: main: *******************]
[2025-01-06 09:05:16,900: INFO: main: >>>>>> stage Prepare base model started <<<<<<]
[2025-01-06 09:05:16,907: INFO: common: yaml file: config\config.yaml loaded successfully]
[2025-01-06 09:05:16,914: INFO: common: yaml file: params.yaml loaded successfully]
[2025-01-06 09:05:16,915: INFO: common: created directory at: artifacts]
[2025-01-06 09:05:16,915: INFO: common: created directory at: artifacts/prepare_base_model]
[2025-01-06 09:05:18,887: WARNING: saving_utils: Compiled the loaded model, but the compiled metrics have yet to be built. `model.compile_metrics` will be empty until you train or evaluate the model.]
[2025-01-06 09:05:20,349: INFO: main: >>>>>> stage Prepare base model completed <<<<<<

x==========x]
[2025-01-06 09:05:20,349: INFO: main: *******************]
[2025-01-06 09:05:20,350: INFO: main: >>>>>> stage Training started <<<<<<]
[2025-01-06 09:05:20,355: INFO: common: yaml file: config\config.yaml loaded successfully]
[2025-01-06 09:05:20,359: INFO: common: yaml file: params.yaml loaded successfully]
[2025-01-06 09:05:20,380: INFO: common: created directory at: artifacts]
[2025-01-06 09:05:20,381: INFO: common: created directory at: artifacts\training]
[2025-01-06 09:13:39,354: INFO: main: >>>>>> stage Training completed <<<<<<

x==========x]
[2025-01-06 09:13:39,354: INFO: main: *******************]
[2025-01-06 09:13:39,354: INFO: main: >>>>>> stage Evaluation stage started <<<<<<]
[2025-01-06 09:13:39,360: INFO: common: yaml file: config\config.yaml loaded successfully]
[2025-01-06 09:13:39,364: INFO: common: yaml file: params.yaml loaded successfully]
[2025-01-06 09:13:39,365: INFO: common: created directory at: artifacts]
[2025-01-06 09:14:24,242: INFO: common: json file saved at: scores.json]
[2025-01-06 09:14:24,244: INFO: common: json file saved at: scores.json]
[2025-01-06 09:14:30,059: INFO: builder_impl: Assets written to: C:\Users\RENTO\AppData\Local\Temp\tmpw3oehiks\model\data\model\assets]
[2025-01-06 09:15:28,302: INFO: main: >>>>>> stage Evaluation stage completed <<<<<<

x==========x]
